{"$message_type":"diagnostic","message":"init_if_needed requires that anchor-lang be imported with the init-if-needed cargo feature enabled. Carefully read the init_if_needed docs before using this feature to make sure you know how to protect yourself against re-initialization attacks.","code":null,"level":"error","spans":[{"file_name":"programs/anaheim/src/instructions/vote_post.rs","byte_start":285,"byte_end":299,"line_start":15,"line_end":15,"column_start":9,"column_end":23,"is_primary":true,"text":[{"text":"        init_if_needed,","highlight_start":9,"highlight_end":23}],"label":null,"suggested_replacement":null,"suggestion_applicability":null,"expansion":null}],"children":[],"rendered":"\u001b[0m\u001b[1m\u001b[38;5;9merror\u001b[0m\u001b[0m\u001b[1m: init_if_needed requires that anchor-lang be imported with the init-if-needed cargo feature enabled. Carefully read the init_if_needed docs before using this feature to make sure you know how to protect yourself against re-initialization attacks.\u001b[0m\n\u001b[0m  \u001b[0m\u001b[0m\u001b[1m\u001b[38;5;12m--> \u001b[0m\u001b[0mprograms/anaheim/src/instructions/vote_post.rs:15:9\u001b[0m\n\u001b[0m   \u001b[0m\u001b[0m\u001b[1m\u001b[38;5;12m|\u001b[0m\n\u001b[0m\u001b[1m\u001b[38;5;12m15\u001b[0m\u001b[0m \u001b[0m\u001b[0m\u001b[1m\u001b[38;5;12m|\u001b[0m\u001b[0m \u001b[0m\u001b[0m        init_if_needed,\u001b[0m\n\u001b[0m   \u001b[0m\u001b[0m\u001b[1m\u001b[38;5;12m|\u001b[0m\u001b[0m         \u001b[0m\u001b[0m\u001b[1m\u001b[38;5;9m^^^^^^^^^^^^^^\u001b[0m\n\n"}
{"$message_type":"diagnostic","message":"the trait bound `VotePost<'_>: Bumps` is not satisfied","code":{"code":"E0277","explanation":"You tried to use a type which doesn't implement some trait in a place which\nexpected that trait.\n\nErroneous code example:\n\n```compile_fail,E0277\n// here we declare the Foo trait with a bar method\ntrait Foo {\n    fn bar(&self);\n}\n\n// we now declare a function which takes an object implementing the Foo trait\nfn some_func<T: Foo>(foo: T) {\n    foo.bar();\n}\n\nfn main() {\n    // we now call the method with the i32 type, which doesn't implement\n    // the Foo trait\n    some_func(5i32); // error: the trait bound `i32 : Foo` is not satisfied\n}\n```\n\nIn order to fix this error, verify that the type you're using does implement\nthe trait. Example:\n\n```\ntrait Foo {\n    fn bar(&self);\n}\n\n// we implement the trait on the i32 type\nimpl Foo for i32 {\n    fn bar(&self) {}\n}\n\nfn some_func<T: Foo>(foo: T) {\n    foo.bar(); // we can now use this method since i32 implements the\n               // Foo trait\n}\n\nfn main() {\n    some_func(5i32); // ok!\n}\n```\n\nOr in a generic context, an erroneous code example would look like:\n\n```compile_fail,E0277\nfn some_func<T>(foo: T) {\n    println!(\"{:?}\", foo); // error: the trait `core::fmt::Debug` is not\n                           //        implemented for the type `T`\n}\n\nfn main() {\n    // We now call the method with the i32 type,\n    // which *does* implement the Debug trait.\n    some_func(5i32);\n}\n```\n\nNote that the error here is in the definition of the generic function. Although\nwe only call it with a parameter that does implement `Debug`, the compiler\nstill rejects the function. It must work with all possible input types. In\norder to make this example compile, we need to restrict the generic type we're\naccepting:\n\n```\nuse std::fmt;\n\n// Restrict the input type to types that implement Debug.\nfn some_func<T: fmt::Debug>(foo: T) {\n    println!(\"{:?}\", foo);\n}\n\nfn main() {\n    // Calling the method is still fine, as i32 implements Debug.\n    some_func(5i32);\n\n    // This would fail to compile now:\n    // struct WithoutDebug;\n    // some_func(WithoutDebug);\n}\n```\n\nRust only looks at the signature of the called function, as such it must\nalready specify all requirements that will be used for every type parameter.\n"},"level":"error","spans":[{"file_name":"programs/anaheim/src/instructions/vote_post.rs","byte_start":569,"byte_end":586,"line_start":26,"line_end":26,"column_start":21,"column_end":38,"is_primary":true,"text":[{"text":"pub fn handler(ctx: Context<VotePost>, upvote: bool) -> Result<()> {","highlight_start":21,"highlight_end":38}],"label":"the trait `Bumps` is not implemented for `VotePost<'_>`","suggested_replacement":null,"suggestion_applicability":null,"expansion":null}],"children":[{"message":"the following other types implement trait `Bumps`:\n  CloseAnaheim<'info>\n  CreateNonceAccount<'info>\n  CreateNonceAccountWithSeed<'info>\n  CreatePost<'info>\n  CreateUser<'info>\n  Initialize<'info>\n  UseAnaheim<'info>\n  __idl::IdlAccounts<'info>\nand 31 others","code":null,"level":"help","spans":[],"children":[],"rendered":null},{"message":"required by a bound in `anchor_lang::context::Context`","code":null,"level":"note","spans":[{"file_name":"src/context.rs","byte_start":785,"byte_end":832,"line_start":24,"line_end":24,"column_start":1,"column_end":48,"is_primary":true,"text":[],"label":null,"suggested_replacement":null,"suggestion_applicability":null,"expansion":null}],"children":[],"rendered":null}],"rendered":"\u001b[0m\u001b[1m\u001b[38;5;9merror[E0277]\u001b[0m\u001b[0m\u001b[1m: the trait bound `VotePost<'_>: Bumps` is not satisfied\u001b[0m\n\u001b[0m  \u001b[0m\u001b[0m\u001b[1m\u001b[38;5;12m--> \u001b[0m\u001b[0mprograms/anaheim/src/instructions/vote_post.rs:26:21\u001b[0m\n\u001b[0m   \u001b[0m\u001b[0m\u001b[1m\u001b[38;5;12m|\u001b[0m\n\u001b[0m\u001b[1m\u001b[38;5;12m26\u001b[0m\u001b[0m \u001b[0m\u001b[0m\u001b[1m\u001b[38;5;12m|\u001b[0m\u001b[0m \u001b[0m\u001b[0mpub fn handler(ctx: Context<VotePost>, upvote: bool) -> Result<()> {\u001b[0m\n\u001b[0m   \u001b[0m\u001b[0m\u001b[1m\u001b[38;5;12m|\u001b[0m\u001b[0m                     \u001b[0m\u001b[0m\u001b[1m\u001b[38;5;9m^^^^^^^^^^^^^^^^^\u001b[0m\u001b[0m \u001b[0m\u001b[0m\u001b[1m\u001b[38;5;9mthe trait `Bumps` is not implemented for `VotePost<'_>`\u001b[0m\n\u001b[0m   \u001b[0m\u001b[0m\u001b[1m\u001b[38;5;12m|\u001b[0m\n\u001b[0m   \u001b[0m\u001b[0m\u001b[1m\u001b[38;5;12m= \u001b[0m\u001b[0m\u001b[1mhelp\u001b[0m\u001b[0m: the following other types implement trait `Bumps`:\u001b[0m\n\u001b[0m             CloseAnaheim<'info>\u001b[0m\n\u001b[0m             CreateNonceAccount<'info>\u001b[0m\n\u001b[0m             CreateNonceAccountWithSeed<'info>\u001b[0m\n\u001b[0m             CreatePost<'info>\u001b[0m\n\u001b[0m             CreateUser<'info>\u001b[0m\n\u001b[0m             Initialize<'info>\u001b[0m\n\u001b[0m             UseAnaheim<'info>\u001b[0m\n\u001b[0m             __idl::IdlAccounts<'info>\u001b[0m\n\u001b[0m           and 31 others\u001b[0m\n\u001b[0m\u001b[1m\u001b[38;5;10mnote\u001b[0m\u001b[0m: required by a bound in `anchor_lang::context::Context`\u001b[0m\n\u001b[0m  \u001b[0m\u001b[0m\u001b[1m\u001b[38;5;12m--> \u001b[0m\u001b[0msrc/context.rs:24:1\u001b[0m\n\n"}
{"$message_type":"diagnostic","message":"the trait bound `VotePost<'_>: Bumps` is not satisfied in `anchor_lang::context::Context<'_, '_, '_, '_, VotePost<'_>>`","code":{"code":"E0277","explanation":"You tried to use a type which doesn't implement some trait in a place which\nexpected that trait.\n\nErroneous code example:\n\n```compile_fail,E0277\n// here we declare the Foo trait with a bar method\ntrait Foo {\n    fn bar(&self);\n}\n\n// we now declare a function which takes an object implementing the Foo trait\nfn some_func<T: Foo>(foo: T) {\n    foo.bar();\n}\n\nfn main() {\n    // we now call the method with the i32 type, which doesn't implement\n    // the Foo trait\n    some_func(5i32); // error: the trait bound `i32 : Foo` is not satisfied\n}\n```\n\nIn order to fix this error, verify that the type you're using does implement\nthe trait. Example:\n\n```\ntrait Foo {\n    fn bar(&self);\n}\n\n// we implement the trait on the i32 type\nimpl Foo for i32 {\n    fn bar(&self) {}\n}\n\nfn some_func<T: Foo>(foo: T) {\n    foo.bar(); // we can now use this method since i32 implements the\n               // Foo trait\n}\n\nfn main() {\n    some_func(5i32); // ok!\n}\n```\n\nOr in a generic context, an erroneous code example would look like:\n\n```compile_fail,E0277\nfn some_func<T>(foo: T) {\n    println!(\"{:?}\", foo); // error: the trait `core::fmt::Debug` is not\n                           //        implemented for the type `T`\n}\n\nfn main() {\n    // We now call the method with the i32 type,\n    // which *does* implement the Debug trait.\n    some_func(5i32);\n}\n```\n\nNote that the error here is in the definition of the generic function. Although\nwe only call it with a parameter that does implement `Debug`, the compiler\nstill rejects the function. It must work with all possible input types. In\norder to make this example compile, we need to restrict the generic type we're\naccepting:\n\n```\nuse std::fmt;\n\n// Restrict the input type to types that implement Debug.\nfn some_func<T: fmt::Debug>(foo: T) {\n    println!(\"{:?}\", foo);\n}\n\nfn main() {\n    // Calling the method is still fine, as i32 implements Debug.\n    some_func(5i32);\n\n    // This would fail to compile now:\n    // struct WithoutDebug;\n    // some_func(WithoutDebug);\n}\n```\n\nRust only looks at the signature of the called function, as such it must\nalready specify all requirements that will be used for every type parameter.\n"},"level":"error","spans":[{"file_name":"programs/anaheim/src/instructions/vote_post.rs","byte_start":569,"byte_end":586,"line_start":26,"line_end":26,"column_start":21,"column_end":38,"is_primary":true,"text":[{"text":"pub fn handler(ctx: Context<VotePost>, upvote: bool) -> Result<()> {","highlight_start":21,"highlight_end":38}],"label":"within `anchor_lang::context::Context<'_, '_, '_, '_, VotePost<'_>>`, the trait `Bumps` is not implemented for `VotePost<'_>`","suggested_replacement":null,"suggestion_applicability":null,"expansion":null}],"children":[{"message":"the following other types implement trait `Bumps`:\n  CloseAnaheim<'info>\n  CreateNonceAccount<'info>\n  CreateNonceAccountWithSeed<'info>\n  CreatePost<'info>\n  CreateUser<'info>\n  Initialize<'info>\n  UseAnaheim<'info>\n  __idl::IdlAccounts<'info>\nand 31 others","code":null,"level":"help","spans":[],"children":[],"rendered":null},{"message":"required because it appears within the type `anchor_lang::context::Context<'_, '_, '_, '_, VotePost<'_>>`","code":null,"level":"note","spans":[{"file_name":"src/context.rs","byte_start":796,"byte_end":803,"line_start":24,"line_end":24,"column_start":12,"column_end":19,"is_primary":true,"text":[],"label":null,"suggested_replacement":null,"suggestion_applicability":null,"expansion":null}],"children":[],"rendered":null},{"message":"unsized fn params are gated as an unstable feature","code":null,"level":"help","spans":[],"children":[],"rendered":null},{"message":"function arguments must have a statically known size, borrowed types always have a known size","code":null,"level":"help","spans":[{"file_name":"programs/anaheim/src/instructions/vote_post.rs","byte_start":569,"byte_end":569,"line_start":26,"line_end":26,"column_start":21,"column_end":21,"is_primary":true,"text":[{"text":"pub fn handler(ctx: Context<VotePost>, upvote: bool) -> Result<()> {","highlight_start":21,"highlight_end":21}],"label":null,"suggested_replacement":"&","suggestion_applicability":"MachineApplicable","expansion":null}],"children":[],"rendered":null}],"rendered":"\u001b[0m\u001b[1m\u001b[38;5;9merror[E0277]\u001b[0m\u001b[0m\u001b[1m: the trait bound `VotePost<'_>: Bumps` is not satisfied in `anchor_lang::context::Context<'_, '_, '_, '_, VotePost<'_>>`\u001b[0m\n\u001b[0m  \u001b[0m\u001b[0m\u001b[1m\u001b[38;5;12m--> \u001b[0m\u001b[0mprograms/anaheim/src/instructions/vote_post.rs:26:21\u001b[0m\n\u001b[0m   \u001b[0m\u001b[0m\u001b[1m\u001b[38;5;12m|\u001b[0m\n\u001b[0m\u001b[1m\u001b[38;5;12m26\u001b[0m\u001b[0m \u001b[0m\u001b[0m\u001b[1m\u001b[38;5;12m|\u001b[0m\u001b[0m \u001b[0m\u001b[0mpub fn handler(ctx: Context<VotePost>, upvote: bool) -> Result<()> {\u001b[0m\n\u001b[0m   \u001b[0m\u001b[0m\u001b[1m\u001b[38;5;12m|\u001b[0m\u001b[0m                     \u001b[0m\u001b[0m\u001b[1m\u001b[38;5;9m^^^^^^^^^^^^^^^^^\u001b[0m\u001b[0m \u001b[0m\u001b[0m\u001b[1m\u001b[38;5;9mwithin `anchor_lang::context::Context<'_, '_, '_, '_, VotePost<'_>>`, the trait `Bumps` is not implemented for `VotePost<'_>`\u001b[0m\n\u001b[0m   \u001b[0m\u001b[0m\u001b[1m\u001b[38;5;12m|\u001b[0m\n\u001b[0m   \u001b[0m\u001b[0m\u001b[1m\u001b[38;5;12m= \u001b[0m\u001b[0m\u001b[1mhelp\u001b[0m\u001b[0m: the following other types implement trait `Bumps`:\u001b[0m\n\u001b[0m             CloseAnaheim<'info>\u001b[0m\n\u001b[0m             CreateNonceAccount<'info>\u001b[0m\n\u001b[0m             CreateNonceAccountWithSeed<'info>\u001b[0m\n\u001b[0m             CreatePost<'info>\u001b[0m\n\u001b[0m             CreateUser<'info>\u001b[0m\n\u001b[0m             Initialize<'info>\u001b[0m\n\u001b[0m             UseAnaheim<'info>\u001b[0m\n\u001b[0m             __idl::IdlAccounts<'info>\u001b[0m\n\u001b[0m           and 31 others\u001b[0m\n\u001b[0m\u001b[1m\u001b[38;5;10mnote\u001b[0m\u001b[0m: required because it appears within the type `anchor_lang::context::Context<'_, '_, '_, '_, VotePost<'_>>`\u001b[0m\n\u001b[0m  \u001b[0m\u001b[0m\u001b[1m\u001b[38;5;12m--> \u001b[0m\u001b[0msrc/context.rs:24:12\u001b[0m\n\u001b[0m   \u001b[0m\u001b[0m\u001b[1m\u001b[38;5;12m= \u001b[0m\u001b[0m\u001b[1mhelp\u001b[0m\u001b[0m: unsized fn params are gated as an unstable feature\u001b[0m\n\u001b[0m\u001b[1m\u001b[38;5;14mhelp\u001b[0m\u001b[0m: function arguments must have a statically known size, borrowed types always have a known size\u001b[0m\n\u001b[0m   \u001b[0m\u001b[0m\u001b[1m\u001b[38;5;12m|\u001b[0m\n\u001b[0m\u001b[1m\u001b[38;5;12m26\u001b[0m\u001b[0m \u001b[0m\u001b[0m\u001b[1m\u001b[38;5;12m| \u001b[0m\u001b[0mpub fn handler(ctx: \u001b[0m\u001b[0m\u001b[38;5;10m&\u001b[0m\u001b[0mContext<VotePost>, upvote: bool) -> Result<()> {\u001b[0m\n\u001b[0m   \u001b[0m\u001b[0m\u001b[1m\u001b[38;5;12m|\u001b[0m\u001b[0m                     \u001b[0m\u001b[0m\u001b[38;5;10m+\u001b[0m\n\n"}
{"$message_type":"diagnostic","message":"aborting due to 3 previous errors","code":null,"level":"error","spans":[],"children":[],"rendered":"\u001b[0m\u001b[1m\u001b[38;5;9merror\u001b[0m\u001b[0m\u001b[1m: aborting due to 3 previous errors\u001b[0m\n\n"}
{"$message_type":"diagnostic","message":"For more information about this error, try `rustc --explain E0277`.","code":null,"level":"failure-note","spans":[],"children":[],"rendered":"\u001b[0m\u001b[1mFor more information about this error, try `rustc --explain E0277`.\u001b[0m\n"}
